[2017:11:06-02:22:42] [INFO] adding available scenes to queue
[2017:11:06-02:22:48] [INFO] queue updated with all available scenes
[2017:11:06-02:22:48] [INFO] scheduler started
[2017:11:06-02:22:48] [INFO] downloading scene: LC81120632014346LGN00
[2017:11:06-02:22:53] [INFO] scene LC81120632014346LGN00 downloaded, added to processing queue
[2017:11:06-02:22:58] [INFO] processing scene: LC81120632014346LGN00
[2017:11:06-02:22:58] [INFO] downloading scene: LC81401192015065LGN00
[2017:11:06-02:23:03] [INFO] scene LC81401192015065LGN00 downloaded, added to processing queue
[2017:11:06-02:23:08] [INFO] downloading scene: LC81460392015043LGN00
[2017:11:06-02:23:16] [INFO] scene LC81460392015043LGN00 downloaded, added to processing queue
[2017:11:06-02:23:21] [INFO] downloading scene: LC80740142016053LGN00
[2017:11:06-02:23:27] [INFO] scene LC80740142016053LGN00 downloaded, added to processing queue
[2017:11:06-02:23:32] [INFO] downloading scene: LC80120432016131LGN00
[2017:11:06-02:23:38] [INFO] scene LC80120432016131LGN00 downloaded, added to processing queue
[2017:11:06-02:23:43] [INFO] downloading scene: LC80030612014270LGN00
[2017:11:06-02:23:50] [INFO] scene LC80030612014270LGN00 downloaded, added to processing queue
[2017:11:06-02:23:55] [INFO] downloading scene: LC80820132015058LGN00
[2017:11:06-02:24:02] [INFO] scene LC80820132015058LGN00 downloaded, added to processing queue
[2017:11:06-02:24:07] [INFO] downloading scene: LC81281072014314LGN00
[2017:11:06-02:24:13] [INFO] scene LC81281072014314LGN00 downloaded, added to processing queue
[2017:11:06-02:24:18] [INFO] downloading scene: LC80730892016014LGN00
[2017:11:06-02:24:25] [INFO] scene LC80730892016014LGN00 downloaded, added to processing queue
[2017:11:06-02:24:30] [INFO] downloading scene: LC81620262015347LGN00
[2017:11:06-02:24:37] [INFO] scene LC81620262015347LGN00 downloaded, added to processing queue
[2017:11:06-02:28:17] [INFO] scene LC81120632014346LGN00 processed
[2017:11:06-02:28:18] [INFO] downloading scene: LC81121072017002LGN00
[2017:11:06-02:28:22] [INFO] processing scene: LC81401192015065LGN00
[2017:11:06-02:28:24] [INFO] scene LC81121072017002LGN00 downloaded, added to processing queue
[2017:11:06-02:33:04] [INFO] scene LC81401192015065LGN00 processed
[2017:11:06-02:33:09] [INFO] downloading scene: LC81450072014065LGN00
[2017:11:06-02:33:09] [INFO] processing scene: LC81460392015043LGN00
[2017:11:06-02:33:16] [INFO] scene LC81450072014065LGN00 downloaded, added to processing queue
[2017:11:06-02:38:42] [INFO] scene LC81460392015043LGN00 processed
[2017:11:06-02:38:46] [INFO] downloading scene: LC80080602016103LGN00
[2017:11:06-02:38:47] [INFO] processing scene: LC80740142016053LGN00
[2017:11:06-02:38:55] [INFO] scene LC80080602016103LGN00 downloaded, added to processing queue
[2017:11:06-02:44:08] [INFO] scene LC80740142016053LGN00 processed
[2017:11:06-02:44:11] [INFO] downloading scene: LC81160612015201LGN00
[2017:11:06-02:44:13] [INFO] processing scene: LC80120432016131LGN00
[2017:11:06-02:44:20] [INFO] scene LC81160612015201LGN00 downloaded, added to processing queue
[2017:11:06-02:49:21] [INFO] scene LC80120432016131LGN00 processed
[2017:11:06-02:49:26] [INFO] downloading scene: LC81600332014170LGN00
[2017:11:06-02:49:26] [INFO] processing scene: LC80030612014270LGN00
[2017:11:06-02:49:32] [INFO] scene LC81600332014170LGN00 downloaded, added to processing queue
[2017:11:06-02:54:28] [INFO] scene LC80030612014270LGN00 processed
[2017:11:06-02:54:33] [INFO] downloading scene: LC82180102016262LGN00
[2017:11:06-02:54:33] [INFO] processing scene: LC80820132015058LGN00
[2017:11:06-02:54:39] [INFO] scene LC82180102016262LGN00 downloaded, added to processing queue
[2017:11:06-02:59:49] [INFO] scene LC80820132015058LGN00 processed
[2017:11:06-02:59:54] [INFO] downloading scene: LC80091122017080LGN00
[2017:11:06-02:59:54] [INFO] processing scene: LC81281072014314LGN00
[2017:11:06-03:00:00] [INFO] scene LC80091122017080LGN00 downloaded, added to processing queue
[2017:11:06-03:05:22] [INFO] scene LC81281072014314LGN00 processed
[2017:11:06-03:05:25] [INFO] downloading scene: LC80090542014280LGN00
[2017:11:06-03:05:27] [INFO] processing scene: LC80730892016014LGN00
[2017:11:06-03:05:32] [INFO] scene LC80090542014280LGN00 downloaded, added to processing queue
[2017:11:06-03:10:55] [INFO] scene LC80730892016014LGN00 processed
[2017:11:06-03:10:58] [INFO] downloading scene: LC81040812016248LGN00
[2017:11:06-03:11:00] [INFO] processing scene: LC81620262015347LGN00
[2017:11:06-03:11:06] [INFO] scene LC81040812016248LGN00 downloaded, added to processing queue
[2017:11:06-03:16:02] [INFO] scene LC81620262015347LGN00 processed
[2017:11:06-03:16:06] [INFO] downloading scene: LC81130272013190LGN00
[2017:11:06-03:16:07] [INFO] processing scene: LC81121072017002LGN00
[2017:11:06-03:16:14] [INFO] scene LC81130272013190LGN00 downloaded, added to processing queue
[2017:11:06-03:21:59] [INFO] scene LC81121072017002LGN00 processed
[2017:11:06-03:21:59] [INFO] downloading scene: LC82260772016190LGN00
[2017:11:06-03:22:04] [INFO] processing scene: LC81450072014065LGN00
[2017:11:06-03:22:07] [INFO] scene LC82260772016190LGN00 downloaded, added to processing queue
[2017:11:06-03:27:08] [INFO] scene LC81450072014065LGN00 processed
[2017:11:06-03:27:12] [INFO] downloading scene: LC81770482014353LGN00
[2017:11:06-03:27:13] [INFO] processing scene: LC80080602016103LGN00
[2017:11:06-03:27:18] [INFO] scene LC81770482014353LGN00 downloaded, added to processing queue
[2017:11:06-03:32:35] [INFO] scene LC80080602016103LGN00 processed
[2017:11:06-03:32:40] [INFO] downloading scene: LC80570042015171LGN00
[2017:11:06-03:32:40] [INFO] processing scene: LC81160612015201LGN00
[2017:11:06-03:32:48] [INFO] scene LC80570042015171LGN00 downloaded, added to processing queue
[2017:11:06-03:37:47] [INFO] scene LC81160612015201LGN00 processed
[2017:11:06-03:37:48] [INFO] downloading scene: LC80300012016097LGN00
[2017:11:06-03:37:52] [INFO] processing scene: LC81600332014170LGN00
[2017:11:06-03:37:53] [INFO] scene LC80300012016097LGN00 downloaded, added to processing queue
[2017:11:06-03:43:05] [INFO] scene LC81600332014170LGN00 processed
[2017:11:06-03:43:08] [INFO] downloading scene: LC81910332016249LGN00
[2017:11:06-03:43:10] [INFO] processing scene: LC82180102016262LGN00
[2017:11:06-03:43:15] [INFO] scene LC81910332016249LGN00 downloaded, added to processing queue
[2017:11:06-03:48:46] [INFO] scene LC82180102016262LGN00 processed
[2017:11:06-03:48:51] [INFO] downloading scene: LC81880172013251LGN00
[2017:11:06-03:48:51] [INFO] processing scene: LC80091122017080LGN00
[2017:11:06-03:48:57] [INFO] scene LC81880172013251LGN00 downloaded, added to processing queue
[2017:11:06-03:53:34] [INFO] scene LC80091122017080LGN00 processed
[2017:11:06-03:53:37] [INFO] downloading scene: LC81690162017017LGN00
[2017:11:06-03:53:39] [INFO] processing scene: LC80090542014280LGN00
[2017:11:06-03:53:43] [INFO] scene LC81690162017017LGN00 downloaded, added to processing queue
[2017:11:06-03:59:11] [INFO] scene LC80090542014280LGN00 processed
[2017:11:06-03:59:14] [INFO] downloading scene: LC81820482016026LGN00
[2017:11:06-03:59:16] [INFO] processing scene: LC81040812016248LGN00
[2017:11:06-03:59:21] [INFO] scene LC81820482016026LGN00 downloaded, added to processing queue
[2017:11:06-04:04:43] [INFO] scene LC81040812016248LGN00 processed
[2017:11:06-04:04:48] [INFO] downloading scene: LC81581092016274LGN00
[2017:11:06-04:04:48] [INFO] processing scene: LC81130272013190LGN00
[2017:11:06-04:04:57] [INFO] scene LC81581092016274LGN00 downloaded, added to processing queue
[2017:11:06-04:09:55] [INFO] scene LC81130272013190LGN00 processed
[2017:11:06-04:09:58] [INFO] downloading scene: LC80990822015306LGN01
[2017:11:06-04:10:00] [INFO] processing scene: LC82260772016190LGN00
[2017:11:06-04:10:03] [INFO] scene LC80990822015306LGN01 downloaded, added to processing queue
[2017:11:06-04:15:16] [INFO] scene LC82260772016190LGN00 processed
[2017:11:06-04:15:19] [INFO] downloading scene: LC81440432016288LGN00
[2017:11:06-04:15:21] [INFO] processing scene: LC81770482014353LGN00
[2017:11:06-04:15:26] [INFO] scene LC81440432016288LGN00 downloaded, added to processing queue
[2017:11:06-04:20:44] [INFO] scene LC81770482014353LGN00 processed
[2017:11:06-04:20:46] [INFO] downloading scene: LC80010782016358LGN00
[2017:11:06-04:20:50] [INFO] processing scene: LC80570042015171LGN00
[2017:11:06-04:20:56] [INFO] scene LC80010782016358LGN00 downloaded, added to processing queue
[2017:11:06-04:26:58] [INFO] scene LC80570042015171LGN00 processed
[2017:11:06-04:27:02] [INFO] downloading scene: LC81180272013289LGN00
[2017:11:06-04:27:03] [INFO] processing scene: LC80300012016097LGN00
[2017:11:06-04:27:08] [INFO] scene LC81180272013289LGN00 downloaded, added to processing queue
[2017:11:06-04:31:48] [INFO] scene LC80300012016097LGN00 processed
[2017:11:06-04:31:49] [INFO] downloading scene: LC81730532017109LGN00
[2017:11:06-04:31:53] [INFO] processing scene: LC81910332016249LGN00
[2017:11:06-04:31:55] [INFO] scene LC81730532017109LGN00 downloaded, added to processing queue
[2017:11:06-04:36:57] [INFO] scene LC81910332016249LGN00 processed
[2017:11:06-04:37:01] [INFO] downloading scene: LC80350232013283LGN00
[2017:11:06-04:37:02] [INFO] processing scene: LC81880172013251LGN00
[2017:11:06-04:37:09] [INFO] scene LC80350232013283LGN00 downloaded, added to processing queue
[2017:11:06-04:42:29] [INFO] scene LC81880172013251LGN00 processed
[2017:11:06-04:42:29] [INFO] downloading scene: LC81880202014174LGN00
[2017:11:06-04:42:34] [INFO] processing scene: LC81690162017017LGN00
[2017:11:06-04:42:37] [INFO] scene LC81880202014174LGN00 downloaded, added to processing queue
[2017:11:06-04:47:27] [INFO] scene LC81690162017017LGN00 processed
[2017:11:06-04:47:27] [INFO] downloading scene: LC81420262016306LGN00
[2017:11:06-04:47:32] [INFO] processing scene: LC81820482016026LGN00
[2017:11:06-04:47:39] [INFO] scene LC81420262016306LGN00 downloaded, added to processing queue
[2017:11:06-04:52:19] [INFO] scene LC81820482016026LGN00 processed
[2017:11:06-04:52:20] [INFO] downloading scene: LC81610152015260LGN00
[2017:11:06-04:52:24] [INFO] processing scene: LC81581092016274LGN00
[2017:11:06-04:52:29] [INFO] scene LC81610152015260LGN00 downloaded, added to processing queue
[2017:11:06-04:58:01] [INFO] scene LC81581092016274LGN00 processed
[2017:11:06-04:58:05] [INFO] downloading scene: LC82180012014176LGN00
[2017:11:06-04:58:06] [INFO] processing scene: LC80990822015306LGN01
[2017:11:06-04:58:12] [INFO] scene LC82180012014176LGN00 downloaded, added to processing queue
[2017:11:06-05:03:02] [INFO] scene LC80990822015306LGN01 processed
[2017:11:06-05:03:02] [INFO] downloading scene: LC81780672014360LGN00
[2017:11:06-05:03:07] [INFO] processing scene: LC81440432016288LGN00
[2017:11:06-05:03:09] [INFO] scene LC81780672014360LGN00 downloaded, added to processing queue
[2017:11:06-05:08:57] [INFO] scene LC81440432016288LGN00 processed
[2017:11:06-05:09:01] [INFO] downloading scene: LC81660612013273LGN00
[2017:11:06-05:09:02] [INFO] processing scene: LC80010782016358LGN00
[2017:11:06-05:09:10] [INFO] scene LC81660612013273LGN00 downloaded, added to processing queue
[2017:11:06-05:14:49] [INFO] scene LC80010782016358LGN00 processed
[2017:11:06-05:14:50] [INFO] downloading scene: LC82320672015069LGN00
[2017:11:06-05:14:54] [INFO] processing scene: LC81180272013289LGN00
[2017:11:06-05:14:59] [INFO] scene LC82320672015069LGN00 downloaded, added to processing queue
[2017:11:06-05:20:29] [INFO] scene LC81180272013289LGN00 processed
[2017:11:06-05:20:34] [INFO] downloading scene: LC81250442013242LGN00
[2017:11:06-05:20:34] [INFO] processing scene: LC81730532017109LGN00
[2017:11:06-05:20:45] [INFO] scene LC81250442013242LGN00 downloaded, added to processing queue
[2017:11:06-05:25:35] [INFO] scene LC81730532017109LGN00 processed
[2017:11:06-05:25:40] [INFO] downloading scene: LC82270622016261LGN00
[2017:11:06-05:25:40] [INFO] processing scene: LC80350232013283LGN00
[2017:11:06-05:25:48] [INFO] scene LC82270622016261LGN00 downloaded, added to processing queue
[2017:11:06-05:31:09] [INFO] scene LC80350232013283LGN00 processed
[2017:11:06-05:31:13] [INFO] downloading scene: LC80660192017111LGN00
[2017:11:06-05:31:14] [INFO] processing scene: LC81880202014174LGN00
[2017:11:06-05:31:24] [INFO] scene LC80660192017111LGN00 downloaded, added to processing queue
[2017:11:06-05:37:13] [INFO] scene LC81880202014174LGN00 processed
[2017:11:06-05:37:15] [INFO] downloading scene: LC80280132014285LGN00
[2017:11:06-05:37:18] [INFO] processing scene: LC81420262016306LGN00
[2017:11:06-05:37:22] [INFO] scene LC80280132014285LGN00 downloaded, added to processing queue
[2017:11:06-05:43:00] [INFO] scene LC81420262016306LGN00 processed
[2017:11:06-05:43:05] [INFO] downloading scene: LC81780402014280LGN00
[2017:11:06-05:43:05] [INFO] processing scene: LC81610152015260LGN00
[2017:11:06-05:43:13] [INFO] scene LC81780402014280LGN00 downloaded, added to processing queue
[2017:11:06-05:48:24] [INFO] scene LC81610152015260LGN00 processed
[2017:11:06-05:48:29] [INFO] downloading scene: LC80960752014282LGN00
[2017:11:06-05:48:29] [INFO] processing scene: LC82180012014176LGN00
[2017:11:06-05:48:36] [INFO] scene LC80960752014282LGN00 downloaded, added to processing queue
[2017:11:06-05:53:50] [INFO] scene LC82180012014176LGN00 processed
[2017:11:06-05:53:52] [INFO] downloading scene: LC80800172013342LGN00
[2017:11:06-05:53:55] [INFO] processing scene: LC81780672014360LGN00
[2017:11:06-05:53:57] [INFO] scene LC80800172013342LGN00 downloaded, added to processing queue
[2017:11:06-05:59:17] [INFO] scene LC81780672014360LGN00 processed
[2017:11:06-05:59:17] [INFO] downloading scene: LC80920682014349LGN00
[2017:11:06-05:59:22] [INFO] processing scene: LC81660612013273LGN00
[2017:11:06-05:59:23] [INFO] scene LC80920682014349LGN00 downloaded, added to processing queue
[2017:11:06-06:05:00] [INFO] scene LC81660612013273LGN00 processed
[2017:11:06-06:05:03] [INFO] downloading scene: LC80380092013256LGN00
[2017:11:06-06:05:05] [INFO] processing scene: LC82320672015069LGN00
[2017:11:06-06:05:09] [INFO] scene LC80380092013256LGN00 downloaded, added to processing queue
[2017:11:06-06:10:14] [INFO] scene LC82320672015069LGN00 processed
[2017:11:06-06:10:15] [INFO] downloading scene: LC82140042016138LGN00
[2017:11:06-06:10:19] [INFO] processing scene: LC81250442013242LGN00
[2017:11:06-06:10:22] [INFO] scene LC82140042016138LGN00 downloaded, added to processing queue
[2017:11:06-06:15:33] [INFO] scene LC81250442013242LGN00 processed
[2017:11:06-06:15:37] [INFO] downloading scene: LC82070222015038LGN00
[2017:11:06-06:15:38] [INFO] processing scene: LC82270622016261LGN00
[2017:11:06-06:15:44] [INFO] scene LC82070222015038LGN00 downloaded, added to processing queue
[2017:11:06-06:20:58] [INFO] scene LC82270622016261LGN00 processed
[2017:11:06-06:20:59] [INFO] downloading scene: LC81050612013230LGN00
[2017:11:06-06:21:03] [INFO] processing scene: LC80660192017111LGN00
[2017:11:06-06:21:07] [INFO] scene LC81050612013230LGN00 downloaded, added to processing queue
[2017:11:06-06:26:11] [INFO] scene LC80660192017111LGN00 processed
[2017:11:06-06:26:13] [INFO] downloading scene: LC81900492015079LGN00
[2017:11:06-06:26:16] [INFO] processing scene: LC80280132014285LGN00
[2017:11:06-06:26:19] [INFO] scene LC81900492015079LGN00 downloaded, added to processing queue
[2017:11:06-06:31:32] [INFO] scene LC80280132014285LGN00 processed
[2017:11:06-06:31:35] [INFO] downloading scene: LC80520722014229LGN00
[2017:11:06-06:31:37] [INFO] processing scene: LC81780402014280LGN00
[2017:11:06-06:31:42] [INFO] scene LC80520722014229LGN00 downloaded, added to processing queue
[2017:11:06-06:36:35] [INFO] scene LC81780402014280LGN00 processed
[2017:11:06-06:36:38] [INFO] downloading scene: LC82010142017049LGN00
[2017:11:06-06:36:40] [INFO] processing scene: LC80960752014282LGN00
[2017:11:06-06:36:43] [INFO] scene LC82010142017049LGN00 downloaded, added to processing queue
[2017:11:06-06:41:42] [INFO] scene LC80960752014282LGN00 processed
[2017:11:06-06:41:44] [INFO] downloading scene: LC80410322013165LGN00
[2017:11:06-06:41:47] [INFO] processing scene: LC80800172013342LGN00
[2017:11:06-06:41:53] [INFO] scene LC80410322013165LGN00 downloaded, added to processing queue
[2017:11:06-06:46:44] [INFO] scene LC80800172013342LGN00 processed
[2017:11:06-06:46:49] [INFO] downloading scene: LC82240802015285LGN00
[2017:11:06-06:46:49] [INFO] processing scene: LC80920682014349LGN00
[2017:11:06-06:46:56] [INFO] scene LC82240802015285LGN00 downloaded, added to processing queue
[2017:11:06-06:52:17] [INFO] scene LC80920682014349LGN00 processed
[2017:11:06-06:52:22] [INFO] downloading scene: LC80370032015207LGN00
[2017:11:06-06:52:22] [INFO] processing scene: LC80380092013256LGN00
[2017:11:06-06:52:29] [INFO] scene LC80370032015207LGN00 downloaded, added to processing queue
[2017:11:06-06:57:37] [INFO] scene LC80380092013256LGN00 processed
[2017:11:06-06:57:39] [INFO] downloading scene: LC81801102016348LGN00
[2017:11:06-06:57:42] [INFO] processing scene: LC82140042016138LGN00
[2017:11:06-06:57:46] [INFO] scene LC81801102016348LGN00 downloaded, added to processing queue
[2017:11:06-07:03:07] [INFO] scene LC82140042016138LGN00 processed
[2017:11:06-07:03:11] [INFO] downloading scene: LC81020162013321LGN00
[2017:11:06-07:03:12] [INFO] processing scene: LC82070222015038LGN00
[2017:11:06-07:03:17] [INFO] scene LC81020162013321LGN00 downloaded, added to processing queue
[2017:11:06-07:08:18] [INFO] scene LC82070222015038LGN00 processed
[2017:11:06-07:08:23] [INFO] downloading scene: LC81920532016080LGN00
[2017:11:06-07:08:23] [INFO] processing scene: LC81050612013230LGN00
[2017:11:06-07:08:30] [INFO] scene LC81920532016080LGN00 downloaded, added to processing queue
[2017:11:06-07:13:33] [INFO] scene LC81050612013230LGN00 processed
[2017:11:06-07:13:35] [INFO] downloading scene: LC81990202014299LGN00
[2017:11:06-07:13:38] [INFO] processing scene: LC81900492015079LGN00
[2017:11:06-07:13:40] [INFO] scene LC81990202014299LGN00 downloaded, added to processing queue
[2017:11:06-07:18:49] [INFO] scene LC81900492015079LGN00 processed
[2017:11:06-07:18:54] [INFO] downloading scene: LC81141072016062LGN00
[2017:11:06-07:18:54] [INFO] processing scene: LC80520722014229LGN00
[2017:11:06-07:19:01] [INFO] scene LC81141072016062LGN00 downloaded, added to processing queue
[2017:11:06-07:23:49] [INFO] scene LC80520722014229LGN00 processed
[2017:11:06-07:23:52] [INFO] downloading scene: LC81310372013140LGN01
[2017:11:06-07:23:54] [INFO] processing scene: LC82010142017049LGN00
[2017:11:06-07:23:58] [INFO] scene LC81310372013140LGN01 downloaded, added to processing queue
[2017:11:06-07:28:30] [INFO] scene LC82010142017049LGN00 processed
[2017:11:06-07:28:34] [INFO] downloading scene: LC81780622015139LGN00
[2017:11:06-07:28:35] [INFO] processing scene: LC80410322013165LGN00
[2017:11:06-07:28:41] [INFO] scene LC81780622015139LGN00 downloaded, added to processing queue
[2017:11:06-07:33:31] [INFO] scene LC80410322013165LGN00 processed
[2017:11:06-07:33:36] [INFO] downloading scene: LC80440222016019LGN00
[2017:11:06-07:33:36] [INFO] processing scene: LC82240802015285LGN00
[2017:11:06-07:33:45] [INFO] scene LC80440222016019LGN00 downloaded, added to processing queue
[2017:11:06-07:39:14] [INFO] scene LC82240802015285LGN00 processed
[2017:11:06-07:39:15] [INFO] downloading scene: LC81511092015334LGN00
[2017:11:06-07:39:19] [INFO] processing scene: LC80370032015207LGN00
[2017:11:06-07:39:21] [INFO] scene LC81511092015334LGN00 downloaded, added to processing queue
[2017:11:06-07:45:00] [INFO] scene LC80370032015207LGN00 processed
[2017:11:06-07:45:02] [INFO] downloading scene: LC81300242015219LGN00
[2017:11:06-07:45:05] [INFO] processing scene: LC81801102016348LGN00
[2017:11:06-07:45:09] [INFO] scene LC81300242015219LGN00 downloaded, added to processing queue
[2017:11:06-07:50:28] [INFO] scene LC81801102016348LGN00 processed
[2017:11:06-07:50:33] [INFO] downloading scene: LC80440132016115LGN00
[2017:11:06-07:50:33] [INFO] processing scene: LC81020162013321LGN00
[2017:11:06-07:50:42] [INFO] scene LC80440132016115LGN00 downloaded, added to processing queue
[2017:11:06-07:55:27] [INFO] scene LC81020162013321LGN00 processed
[2017:11:06-07:55:27] [INFO] downloading scene: LC81420202017004LGN00
[2017:11:06-07:55:32] [INFO] processing scene: LC81920532016080LGN00
[2017:11:06-07:55:32] [INFO] scene LC81420202017004LGN00 downloaded, added to processing queue
[2017:11:06-08:00:28] [INFO] scene LC81920532016080LGN00 processed
[2017:11:06-08:00:32] [INFO] downloading scene: LC82320622013223LGN00
[2017:11:06-08:00:33] [INFO] processing scene: LC81990202014299LGN00
[2017:11:06-08:00:40] [INFO] scene LC82320622013223LGN00 downloaded, added to processing queue
[2017:11:06-08:02:55] [INFO] shutdown detected and acknowledged by downloader
[2017:11:06-08:02:58] [INFO] shutting down scheduler...
[2017:11:06-08:02:58] [INFO] waiting for threads to complete tasks before beginning cleanup...
[2017:11:06-08:05:38] [INFO] scene LC81990202014299LGN00 processed
[2017:11:06-08:05:43] [INFO] shutdown detected and acknowledged by preprocessor
[2017:11:06-08:05:57] [WARNING] HDF5 resources closed
[2017:11:06-08:05:57] [WARNING] SQL resources closed
[2017:11:06-08:05:57] [WARNING] all resources have closed successfully
