[2017:11:07-03:35:34] [INFO] adding available scenes to queue
[2017:11:07-03:35:40] [INFO] queue updated with all available scenes
[2017:11:07-03:35:40] [INFO] scheduler started
[2017:11:07-03:35:40] [INFO] downloading scene: LC80141202014043LGN00
[2017:11:07-03:35:49] [INFO] scene LC80141202014043LGN00 downloaded, added to processing queue
[2017:11:07-03:35:50] [INFO] processing scene: LC80141202014043LGN00
[2017:11:07-03:35:54] [INFO] downloading scene: LC81880452016148LGN00
[2017:11:07-03:36:02] [INFO] scene LC81880452016148LGN00 downloaded, added to processing queue
[2017:11:07-03:36:07] [INFO] downloading scene: LC81352132016225LGN00
[2017:11:07-03:36:12] [INFO] scene LC81352132016225LGN00 downloaded, added to processing queue
[2017:11:07-03:36:17] [INFO] downloading scene: LC80470192017058LGN00
[2017:11:07-03:36:24] [INFO] scene LC80470192017058LGN00 downloaded, added to processing queue
[2017:11:07-03:36:29] [INFO] downloading scene: LC81300492016238LGN00
[2017:11:07-03:36:38] [INFO] scene LC81300492016238LGN00 downloaded, added to processing queue
[2017:11:07-03:36:43] [INFO] downloading scene: LC81540422017072LGN00
[2017:11:07-03:36:52] [INFO] scene LC81540422017072LGN00 downloaded, added to processing queue
[2017:11:07-03:36:57] [INFO] downloading scene: LC81410382014357LGN00
[2017:11:07-03:37:04] [INFO] scene LC81410382014357LGN00 downloaded, added to processing queue
[2017:11:07-03:37:09] [INFO] downloading scene: LC81901302013361LGN00
[2017:11:07-03:37:16] [INFO] scene LC81901302013361LGN00 downloaded, added to processing queue
[2017:11:07-03:37:21] [INFO] downloading scene: LC81680712013223LGN00
[2017:11:07-03:37:28] [INFO] scene LC81680712013223LGN00 downloaded, added to processing queue
[2017:11:07-03:37:33] [INFO] downloading scene: LC81471072015002LGN00
[2017:11:07-03:37:41] [INFO] scene LC81471072015002LGN00 downloaded, added to processing queue
[2017:11:07-03:41:07] [INFO] scene LC80141202014043LGN00 processed
[2017:11:07-03:41:11] [INFO] downloading scene: LC81060602017056LGN00
[2017:11:07-03:41:12] [INFO] processing scene: LC81880452016148LGN00
[2017:11:07-03:41:18] [INFO] scene LC81060602017056LGN00 downloaded, added to processing queue
[2017:11:07-03:46:13] [INFO] scene LC81880452016148LGN00 processed
[2017:11:07-03:46:13] [INFO] downloading scene: LC80280442014205LGN00
[2017:11:07-03:46:18] [INFO] processing scene: LC81352132016225LGN00
[2017:11:07-03:46:20] [INFO] scene LC80280442014205LGN00 downloaded, added to processing queue
[2017:11:07-03:50:03] [INFO] scene LC81352132016225LGN00 processed
[2017:11:07-03:50:06] [INFO] downloading scene: LC81790432013316LGN00
[2017:11:07-03:50:08] [INFO] processing scene: LC80470192017058LGN00
[2017:11:07-03:50:15] [INFO] scene LC81790432013316LGN00 downloaded, added to processing queue
[2017:11:07-03:54:41] [INFO] scene LC80470192017058LGN00 processed
[2017:11:07-03:54:46] [INFO] downloading scene: LC82050452017045LGN00
[2017:11:07-03:54:46] [INFO] processing scene: LC81300492016238LGN00
[2017:11:07-03:54:52] [INFO] scene LC82050452017045LGN00 downloaded, added to processing queue
[2017:11:07-03:59:19] [INFO] scene LC81300492016238LGN00 processed
[2017:11:07-03:59:23] [INFO] downloading scene: LC80761122016307LGN00
[2017:11:07-03:59:24] [INFO] processing scene: LC81540422017072LGN00
[2017:11:07-03:59:30] [INFO] scene LC80761122016307LGN00 downloaded, added to processing queue
[2017:11:07-04:04:27] [INFO] scene LC81540422017072LGN00 processed
[2017:11:07-04:04:31] [INFO] downloading scene: LC81340112013193LGN00
[2017:11:07-04:04:32] [INFO] processing scene: LC81410382014357LGN00
[2017:11:07-04:04:37] [INFO] scene LC81340112013193LGN00 downloaded, added to processing queue
[2017:11:07-04:10:37] [INFO] scene LC81410382014357LGN00 processed
[2017:11:07-04:10:42] [INFO] downloading scene: LC80660122015058LGN00
[2017:11:07-04:10:42] [INFO] processing scene: LC81901302013361LGN00
[2017:11:07-04:10:49] [INFO] scene LC80660122015058LGN00 downloaded, added to processing queue
[2017:11:07-04:15:49] [INFO] scene LC81901302013361LGN00 processed
[2017:11:07-04:15:49] [INFO] downloading scene: LC80841072014021LGN00
[2017:11:07-04:15:54] [INFO] processing scene: LC81680712013223LGN00
[2017:11:07-04:15:59] [INFO] scene LC80841072014021LGN00 downloaded, added to processing queue
[2017:11:07-04:20:52] [INFO] scene LC81680712013223LGN00 processed
[2017:11:07-04:20:54] [INFO] downloading scene: LC81060662015275LGN00
[2017:11:07-04:20:57] [INFO] processing scene: LC81471072015002LGN00
[2017:11:07-04:21:00] [INFO] scene LC81060662015275LGN00 downloaded, added to processing queue
[2017:11:07-04:26:12] [INFO] scene LC81471072015002LGN00 processed
[2017:11:07-04:26:16] [INFO] downloading scene: LC81821112014292LGN00
[2017:11:07-04:26:17] [INFO] processing scene: LC81060602017056LGN00
[2017:11:07-04:26:23] [INFO] scene LC81821112014292LGN00 downloaded, added to processing queue
[2017:11:07-04:30:57] [INFO] scene LC81060602017056LGN00 processed
[2017:11:07-04:30:58] [INFO] downloading scene: LC81441082017066LGN00
[2017:11:07-04:31:02] [INFO] processing scene: LC80280442014205LGN00
[2017:11:07-04:31:05] [INFO] scene LC81441082017066LGN00 downloaded, added to processing queue
[2017:11:07-04:36:18] [INFO] scene LC80280442014205LGN00 processed
[2017:11:07-04:36:20] [INFO] downloading scene: LC81780112016110LGN00
[2017:11:07-04:36:23] [INFO] processing scene: LC81790432013316LGN00
[2017:11:07-04:36:26] [INFO] scene LC81780112016110LGN00 downloaded, added to processing queue
[2017:11:07-04:41:03] [INFO] scene LC81790432013316LGN00 processed
[2017:11:07-04:41:08] [INFO] downloading scene: LC81770582015020LGN00
[2017:11:07-04:41:08] [INFO] processing scene: LC82050452017045LGN00
[2017:11:07-04:41:13] [INFO] scene LC81770582015020LGN00 downloaded, added to processing queue
[2017:11:07-04:45:27] [INFO] scene LC82050452017045LGN00 processed
[2017:11:07-04:45:29] [INFO] downloading scene: LC80590632016172LGN00
[2017:11:07-04:45:32] [INFO] processing scene: LC80761122016307LGN00
[2017:11:07-04:45:35] [INFO] scene LC80590632016172LGN00 downloaded, added to processing queue
[2017:11:07-04:48:58] [INFO] scene LC80761122016307LGN00 processed
[2017:11:07-04:49:01] [INFO] downloading scene: LC81800652014198LGN00
[2017:11:07-04:49:03] [INFO] processing scene: LC81340112013193LGN00
[2017:11:07-04:49:11] [INFO] scene LC81800652014198LGN00 downloaded, added to processing queue
[2017:11:07-04:53:52] [INFO] scene LC81340112013193LGN00 processed
[2017:11:07-04:53:53] [INFO] downloading scene: LC80270272017110LGN00
[2017:11:07-04:53:57] [INFO] processing scene: LC80660122015058LGN00
[2017:11:07-04:54:04] [INFO] scene LC80270272017110LGN00 downloaded, added to processing queue
[2017:11:07-04:58:43] [INFO] scene LC80660122015058LGN00 processed
[2017:11:07-04:58:45] [INFO] downloading scene: LC80960152016191LGN00
[2017:11:07-04:58:48] [INFO] processing scene: LC80841072014021LGN00
[2017:11:07-04:58:54] [INFO] scene LC80960152016191LGN00 downloaded, added to processing queue
[2017:11:07-05:03:15] [INFO] scene LC80841072014021LGN00 processed
[2017:11:07-05:03:19] [INFO] downloading scene: LC80160232014153LGN00
[2017:11:07-05:03:20] [INFO] processing scene: LC81060662015275LGN00
[2017:11:07-05:03:25] [INFO] scene LC80160232014153LGN00 downloaded, added to processing queue
[2017:11:07-05:07:32] [INFO] scene LC81060662015275LGN00 processed
[2017:11:07-05:07:36] [INFO] downloading scene: LC81030282015110LGN00
[2017:11:07-05:07:37] [INFO] processing scene: LC81821112014292LGN00
[2017:11:07-05:07:43] [INFO] scene LC81030282015110LGN00 downloaded, added to processing queue
[2017:11:07-05:11:40] [INFO] scene LC81821112014292LGN00 processed
[2017:11:07-05:11:45] [INFO] downloading scene: LC80380202016041LGN00
[2017:11:07-05:11:45] [INFO] processing scene: LC81441082017066LGN00
[2017:11:07-05:11:51] [INFO] scene LC80380202016041LGN00 downloaded, added to processing queue
[2017:11:07-05:15:53] [INFO] scene LC81441082017066LGN00 processed
[2017:11:07-05:15:57] [INFO] downloading scene: LC80890762015235LGN00
[2017:11:07-05:15:58] [INFO] processing scene: LC81780112016110LGN00
[2017:11:07-05:16:02] [INFO] scene LC80890762015235LGN00 downloaded, added to processing queue
[2017:11:07-05:20:27] [INFO] scene LC81780112016110LGN00 processed
[2017:11:07-05:20:27] [INFO] downloading scene: LC80460022014171LGN00
[2017:11:07-05:20:32] [INFO] processing scene: LC81770582015020LGN00
[2017:11:07-05:20:34] [INFO] scene LC80460022014171LGN00 downloaded, added to processing queue
[2017:11:07-05:24:48] [INFO] scene LC81770582015020LGN00 processed
[2017:11:07-05:24:50] [INFO] downloading scene: LC80100462017007LGN00
[2017:11:07-05:24:53] [INFO] processing scene: LC80590632016172LGN00
[2017:11:07-05:24:55] [INFO] scene LC80100462017007LGN00 downloaded, added to processing queue
[2017:11:07-05:30:34] [INFO] scene LC80590632016172LGN00 processed
[2017:11:07-05:30:35] [INFO] downloading scene: LC81250412014005LGN00
[2017:11:07-05:30:39] [INFO] processing scene: LC81800652014198LGN00
[2017:11:07-05:30:42] [INFO] scene LC81250412014005LGN00 downloaded, added to processing queue
[2017:11:07-05:35:06] [INFO] scene LC81800652014198LGN00 processed
[2017:11:07-05:35:08] [INFO] downloading scene: LC82160642014226LGN00
[2017:11:07-05:35:11] [INFO] processing scene: LC80270272017110LGN00
[2017:11:07-05:35:18] [INFO] scene LC82160642014226LGN00 downloaded, added to processing queue
[2017:11:07-05:40:34] [INFO] scene LC80270272017110LGN00 processed
[2017:11:07-05:40:38] [INFO] downloading scene: LC80470292016168LGN00
[2017:11:07-05:40:39] [INFO] processing scene: LC80960152016191LGN00
[2017:11:07-05:40:45] [INFO] scene LC80470292016168LGN00 downloaded, added to processing queue
[2017:11:07-05:45:35] [INFO] scene LC80960152016191LGN00 processed
[2017:11:07-05:45:40] [INFO] downloading scene: LC81150502015162LGN00
[2017:11:07-05:45:40] [INFO] processing scene: LC80160232014153LGN00
[2017:11:07-05:45:48] [INFO] scene LC81150502015162LGN00 downloaded, added to processing queue
[2017:11:07-05:50:39] [INFO] scene LC80160232014153LGN00 processed
[2017:11:07-05:50:44] [INFO] downloading scene: LC81960412013355LGN00
[2017:11:07-05:50:44] [INFO] processing scene: LC81030282015110LGN00
[2017:11:07-05:50:53] [INFO] scene LC81960412013355LGN00 downloaded, added to processing queue
[2017:11:07-05:54:55] [INFO] scene LC81030282015110LGN00 processed
[2017:11:07-05:54:58] [INFO] downloading scene: LC81550172016045LGN00
[2017:11:07-05:55:00] [INFO] processing scene: LC80380202016041LGN00
[2017:11:07-05:55:07] [INFO] scene LC81550172016045LGN00 downloaded, added to processing queue
[2017:11:07-05:59:26] [INFO] scene LC80380202016041LGN00 processed
[2017:11:07-05:59:27] [INFO] downloading scene: LC81930572016087LGN00
[2017:11:07-05:59:31] [INFO] processing scene: LC80890762015235LGN00
[2017:11:07-05:59:43] [INFO] scene LC81930572016087LGN00 downloaded, added to processing queue
[2017:11:07-06:04:00] [INFO] scene LC80890762015235LGN00 processed
[2017:11:07-06:04:03] [INFO] downloading scene: LC80190502016196LGN00
[2017:11:07-06:04:05] [INFO] processing scene: LC80460022014171LGN00
[2017:11:07-06:04:11] [INFO] scene LC80190502016196LGN00 downloaded, added to processing queue
[2017:11:07-06:10:01] [INFO] scene LC80460022014171LGN00 processed
[2017:11:07-06:10:05] [INFO] downloading scene: LC81720442016148LGN00
[2017:11:07-06:10:06] [INFO] processing scene: LC80100462017007LGN00
[2017:11:07-06:10:13] [INFO] scene LC81720442016148LGN00 downloaded, added to processing queue
[2017:11:07-06:14:28] [INFO] scene LC80100462017007LGN00 processed
[2017:11:07-06:14:28] [INFO] downloading scene: LC81160232015153LGN00
[2017:11:07-06:14:33] [INFO] processing scene: LC81250412014005LGN00
[2017:11:07-06:14:35] [INFO] scene LC81160232015153LGN00 downloaded, added to processing queue
[2017:11:07-06:19:29] [INFO] scene LC81250412014005LGN00 processed
[2017:11:07-06:19:31] [INFO] downloading scene: LC81670422013216LGN00
[2017:11:07-06:19:34] [INFO] processing scene: LC82160642014226LGN00
[2017:11:07-06:19:45] [INFO] scene LC81670422013216LGN00 downloaded, added to processing queue
[2017:11:07-06:24:25] [INFO] scene LC82160642014226LGN00 processed
[2017:11:07-06:24:25] [INFO] downloading scene: LC80820012014247LGN00
[2017:11:07-06:24:30] [INFO] processing scene: LC80470292016168LGN00
[2017:11:07-06:24:31] [INFO] scene LC80820012014247LGN00 downloaded, added to processing queue
[2017:11:07-06:29:43] [INFO] scene LC80470292016168LGN00 processed
[2017:11:07-06:29:46] [INFO] downloading scene: LC81570462016027LGN00
[2017:11:07-06:29:48] [INFO] processing scene: LC81150502015162LGN00
[2017:11:07-06:29:52] [INFO] scene LC81570462016027LGN00 downloaded, added to processing queue
[2017:11:07-06:35:12] [INFO] scene LC81150502015162LGN00 processed
[2017:11:07-06:35:13] [INFO] downloading scene: LC81560172014158LGN00
[2017:11:07-06:35:17] [INFO] processing scene: LC81960412013355LGN00
[2017:11:07-06:35:21] [INFO] scene LC81560172014158LGN00 downloaded, added to processing queue
[2017:11:07-06:41:05] [INFO] scene LC81960412013355LGN00 processed
[2017:11:07-06:41:10] [INFO] downloading scene: LC81390202016077LGN00
[2017:11:07-06:41:10] [INFO] processing scene: LC81550172016045LGN00
[2017:11:07-06:41:17] [INFO] scene LC81390202016077LGN00 downloaded, added to processing queue
[2017:11:07-06:46:10] [INFO] scene LC81550172016045LGN00 processed
[2017:11:07-06:46:12] [INFO] downloading scene: LC82320722016120LGN00
[2017:11:07-06:46:15] [INFO] processing scene: LC81930572016087LGN00
[2017:11:07-06:46:21] [INFO] scene LC82320722016120LGN00 downloaded, added to processing queue
[2017:11:07-06:50:40] [INFO] scene LC81930572016087LGN00 processed
[2017:11:07-06:50:42] [INFO] downloading scene: LC80960752015205LGN00
[2017:11:07-06:50:45] [INFO] processing scene: LC80190502016196LGN00
[2017:11:07-06:50:47] [INFO] scene LC80960752015205LGN00 downloaded, added to processing queue
[2017:11:07-06:55:31] [INFO] scene LC80190502016196LGN00 processed
[2017:11:07-06:55:32] [INFO] downloading scene: LC81400482013363LGN00
[2017:11:07-06:55:36] [INFO] processing scene: LC81720442016148LGN00
[2017:11:07-06:55:38] [INFO] scene LC81400482013363LGN00 downloaded, added to processing queue
[2017:11:07-06:59:56] [INFO] scene LC81720442016148LGN00 processed
[2017:11:07-06:59:58] [INFO] downloading scene: LC81080272014206LGN00
[2017:11:07-07:00:01] [INFO] processing scene: LC81160232015153LGN00
[2017:11:07-07:00:07] [INFO] scene LC81080272014206LGN00 downloaded, added to processing queue
[2017:11:07-07:04:49] [INFO] scene LC81160232015153LGN00 processed
[2017:11:07-07:04:52] [INFO] downloading scene: LC80412482016158LGN00
[2017:11:07-07:04:54] [INFO] processing scene: LC81670422013216LGN00
[2017:11:07-07:04:59] [INFO] scene LC80412482016158LGN00 downloaded, added to processing queue
[2017:11:07-07:09:46] [INFO] scene LC81670422013216LGN00 processed
[2017:11:07-07:09:51] [INFO] downloading scene: LC80470112016200LGN00
[2017:11:07-07:09:51] [INFO] processing scene: LC80820012014247LGN00
[2017:11:07-07:10:00] [INFO] scene LC80470112016200LGN00 downloaded, added to processing queue
[2017:11:07-07:14:28] [INFO] scene LC80820012014247LGN00 processed
[2017:11:07-07:14:30] [INFO] downloading scene: LC80191162015305LGN00
[2017:11:07-07:14:33] [INFO] processing scene: LC81570462016027LGN00
[2017:11:07-07:14:36] [INFO] scene LC80191162015305LGN00 downloaded, added to processing queue
[2017:11:07-07:18:24] [INFO] scene LC81570462016027LGN00 processed
[2017:11:07-07:18:26] [INFO] downloading scene: LC80521202015024LGN00
[2017:11:07-07:18:29] [INFO] processing scene: LC81560172014158LGN00
[2017:11:07-07:18:32] [INFO] scene LC80521202015024LGN00 downloaded, added to processing queue
[2017:11:07-07:23:37] [INFO] scene LC81560172014158LGN00 processed
[2017:11:07-07:23:42] [INFO] downloading scene: LC80540132016281LGN00
[2017:11:07-07:23:42] [INFO] processing scene: LC81390202016077LGN00
[2017:11:07-07:23:49] [INFO] scene LC80540132016281LGN00 downloaded, added to processing queue
[2017:11:07-07:28:12] [INFO] scene LC81390202016077LGN00 processed
[2017:11:07-07:28:14] [INFO] downloading scene: LC80602482015144LGN00
[2017:11:07-07:28:17] [INFO] processing scene: LC82320722016120LGN00
[2017:11:07-07:28:20] [INFO] scene LC80602482015144LGN00 downloaded, added to processing queue
[2017:11:07-07:33:16] [INFO] scene LC82320722016120LGN00 processed
[2017:11:07-07:33:21] [INFO] downloading scene: LC82290672015256LGN00
[2017:11:07-07:33:21] [INFO] processing scene: LC80960752015205LGN00
[2017:11:07-07:33:28] [INFO] scene LC82290672015256LGN00 downloaded, added to processing queue
[2017:11:07-07:38:25] [INFO] scene LC80960752015205LGN00 processed
[2017:11:07-07:38:29] [INFO] downloading scene: LC81780372015123LGN00
[2017:11:07-07:38:30] [INFO] processing scene: LC81400482013363LGN00
[2017:11:07-07:38:38] [INFO] scene LC81780372015123LGN00 downloaded, added to processing queue
[2017:11:07-07:42:39] [INFO] scene LC81400482013363LGN00 processed
[2017:11:07-07:42:43] [INFO] downloading scene: LC80200382013322LGN00
[2017:11:07-07:42:44] [INFO] processing scene: LC81080272014206LGN00
[2017:11:07-07:42:49] [INFO] scene LC80200382013322LGN00 downloaded, added to processing queue
[2017:11:07-07:48:12] [INFO] scene LC81080272014206LGN00 processed
[2017:11:07-07:48:14] [INFO] downloading scene: LC81130722016039LGN00
[2017:11:07-07:48:17] [INFO] processing scene: LC80412482016158LGN00
[2017:11:07-07:48:20] [INFO] scene LC81130722016039LGN00 downloaded, added to processing queue
[2017:11:07-07:53:23] [INFO] scene LC80412482016158LGN00 processed
[2017:11:07-07:53:26] [INFO] downloading scene: LC80551162017034LGN00
[2017:11:07-07:53:28] [INFO] processing scene: LC80470112016200LGN00
[2017:11:07-07:53:33] [INFO] scene LC80551162017034LGN00 downloaded, added to processing queue
[2017:11:07-07:58:55] [INFO] scene LC80470112016200LGN00 processed
[2017:11:07-07:58:59] [INFO] downloading scene: LC81120772013199LGN00
[2017:11:07-07:59:00] [INFO] processing scene: LC80191162015305LGN00
[2017:11:07-07:59:05] [INFO] scene LC81120772013199LGN00 downloaded, added to processing queue
[2017:11:07-08:02:53] [INFO] scene LC80191162015305LGN00 processed
[2017:11:07-08:02:55] [INFO] downloading scene: LC80090022014088LGN00
[2017:11:07-08:02:58] [INFO] processing scene: LC80521202015024LGN00
[2017:11:07-08:03:01] [INFO] scene LC80090022014088LGN00 downloaded, added to processing queue
[2017:11:07-08:07:41] [INFO] scene LC80521202015024LGN00 processed
[2017:11:07-08:07:46] [INFO] downloading scene: LC81920392015109LGN00
[2017:11:07-08:07:46] [INFO] processing scene: LC80540132016281LGN00
[2017:11:07-08:07:52] [INFO] scene LC81920392015109LGN00 downloaded, added to processing queue
[2017:11:07-08:11:52] [INFO] scene LC80540132016281LGN00 processed
[2017:11:07-08:11:57] [INFO] downloading scene: LC80220262015214LGN00
[2017:11:07-08:11:57] [INFO] processing scene: LC80602482015144LGN00
[2017:11:07-08:12:05] [INFO] scene LC80220262015214LGN00 downloaded, added to processing queue
[2017:11:07-08:16:55] [INFO] scene LC80602482015144LGN00 processed
[2017:11:07-08:16:55] [INFO] downloading scene: LC81501092013353LGN00
[2017:11:07-08:17:00] [INFO] processing scene: LC82290672015256LGN00
[2017:11:07-08:17:03] [INFO] scene LC81501092013353LGN00 downloaded, added to processing queue
[2017:11:07-08:22:49] [INFO] scene LC82290672015256LGN00 processed
[2017:11:07-08:22:53] [INFO] downloading scene: LC80432442016188LGN00
[2017:11:07-08:22:54] [INFO] processing scene: LC81780372015123LGN00
[2017:11:07-08:23:03] [INFO] scene LC80432442016188LGN00 downloaded, added to processing queue
[2017:11:07-08:28:30] [INFO] scene LC81780372015123LGN00 processed
[2017:11:07-08:28:33] [INFO] downloading scene: LC81070132015250LGN00
[2017:11:07-08:28:35] [INFO] processing scene: LC80200382013322LGN00
[2017:11:07-08:28:43] [INFO] scene LC81070132015250LGN00 downloaded, added to processing queue
[2017:11:07-08:33:45] [INFO] scene LC80200382013322LGN00 processed
[2017:11:07-08:33:49] [INFO] downloading scene: LC81090362014149LGN00
[2017:11:07-08:33:50] [INFO] processing scene: LC81130722016039LGN00
[2017:11:07-08:33:55] [INFO] scene LC81090362014149LGN00 downloaded, added to processing queue
[2017:11:07-08:37:23] [INFO] shutting down scheduler...
[2017:11:07-08:37:23] [INFO] waiting for threads to complete tasks before beginning cleanup...
[2017:11:07-08:37:26] [INFO] shutdown detected and acknowledged by downloader
[2017:11:07-08:38:59] [INFO] scene LC81130722016039LGN00 processed
[2017:11:07-08:39:04] [INFO] shutdown detected and acknowledged by preprocessor
[2017:11:07-08:39:30] [WARNING] HDF5 resources closed
[2017:11:07-08:39:30] [WARNING] SQL resources closed
[2017:11:07-08:39:30] [WARNING] all resources have closed successfully
