[2017:11:04-20:46:25] [INFO] adding available scenes to queue
[2017:11:04-20:46:31] [INFO] queue updated with all available scenes
[2017:11:04-20:46:31] [INFO] scheduler started
[2017:11:04-20:46:31] [INFO] downloading scene: LC81480172015233LGN00
[2017:11:04-20:46:38] [INFO] scene LC81480172015233LGN00 downloaded, added to processing queue
[2017:11:04-20:46:41] [INFO] processing scene: LC81480172015233LGN00
[2017:11:04-20:46:43] [INFO] downloading scene: LC82270982017039LGN00
[2017:11:04-20:46:43] [INFO] scene LC82270982017039LGN00 download failure, attempts remaining: (2/2)
[2017:11:04-20:46:45] [INFO] scene LC82270982017039LGN00 download failure, attempts remaining: (1/2)
[2017:11:04-20:46:47] [INFO] scene LC82270982017039LGN00 download failure timeout, aborting
[2017:11:04-20:46:52] [INFO] downloading scene: LC81800582013259LGN00
[2017:11:04-20:46:59] [INFO] scene LC81800582013259LGN00 downloaded, added to processing queue
[2017:11:04-20:47:04] [INFO] downloading scene: LC80580742015146LGN00
[2017:11:04-20:47:10] [INFO] scene LC80580742015146LGN00 downloaded, added to processing queue
[2017:11:04-20:47:15] [INFO] downloading scene: LC81580192016226LGN00
[2017:11:04-20:47:23] [INFO] scene LC81580192016226LGN00 downloaded, added to processing queue
[2017:11:04-20:47:28] [INFO] downloading scene: LC81600272014042LGN00
[2017:11:04-20:47:34] [INFO] scene LC81600272014042LGN00 downloaded, added to processing queue
[2017:11:04-20:47:39] [INFO] downloading scene: LC81930292015132LGN00
[2017:11:04-20:47:46] [INFO] scene LC81930292015132LGN00 downloaded, added to processing queue
[2017:11:04-20:47:51] [INFO] downloading scene: LC81600752016240LGN00
[2017:11:04-20:47:58] [INFO] scene LC81600752016240LGN00 downloaded, added to processing queue
[2017:11:04-20:48:03] [INFO] downloading scene: LC81950452016325LGN00
[2017:11:04-20:48:10] [INFO] scene LC81950452016325LGN00 downloaded, added to processing queue
[2017:11:04-20:48:15] [INFO] downloading scene: LC81040722015325LGN00
[2017:11:04-20:48:21] [INFO] scene LC81040722015325LGN00 downloaded, added to processing queue
[2017:11:04-20:48:26] [INFO] downloading scene: LC81330342014301LGN00
[2017:11:04-20:48:34] [INFO] scene LC81330342014301LGN00 downloaded, added to processing queue
[2017:11:04-20:50:45] [INFO] scene LC81480172015233LGN00 processing failed
[2017:11:04-20:50:49] [INFO] downloading scene: LC81160212015041LGN00
[2017:11:04-20:50:50] [INFO] processing scene: LC81800582013259LGN00
[2017:11:04-20:50:54] [INFO] scene LC81160212015041LGN00 downloaded, added to processing queue
[2017:11:04-20:54:07] [INFO] scene LC81800582013259LGN00 processing failed
[2017:11:04-20:54:10] [INFO] downloading scene: LC80070562013199LGN00
[2017:11:04-20:54:12] [INFO] processing scene: LC80580742015146LGN00
[2017:11:04-20:54:17] [INFO] scene LC80070562013199LGN00 downloaded, added to processing queue
[2017:11:04-20:57:21] [INFO] scene LC80580742015146LGN00 processing failed
[2017:11:04-20:57:22] [INFO] downloading scene: LC80370112013297LGN00
[2017:11:04-20:57:26] [INFO] processing scene: LC81580192016226LGN00
[2017:11:04-20:57:28] [INFO] scene LC80370112013297LGN00 downloaded, added to processing queue
[2017:11:04-21:00:54] [INFO] scene LC81580192016226LGN00 processing failed
[2017:11:04-21:00:54] [INFO] downloading scene: LC80210432014364LGN00
[2017:11:04-21:00:59] [INFO] processing scene: LC81600272014042LGN00
[2017:11:04-21:01:02] [INFO] scene LC80210432014364LGN00 downloaded, added to processing queue
[2017:11:04-21:04:22] [INFO] scene LC81600272014042LGN00 processing failed
[2017:11:04-21:04:27] [INFO] processing scene: LC81930292015132LGN00
[2017:11:04-21:04:27] [INFO] downloading scene: LC80420262013332LGN00
[2017:11:04-21:04:35] [INFO] scene LC80420262013332LGN00 downloaded, added to processing queue
[2017:11:04-21:07:50] [INFO] scene LC81930292015132LGN00 processing failed
[2017:11:04-21:07:50] [INFO] downloading scene: LC80170142014192LGN00
[2017:11:04-21:07:55] [INFO] processing scene: LC81600752016240LGN00
[2017:11:04-21:07:58] [INFO] scene LC80170142014192LGN00 downloaded, added to processing queue
[2017:11:04-21:11:28] [INFO] scene LC81600752016240LGN00 processing failed
[2017:11:04-21:11:33] [INFO] downloading scene: LC80380152016089LGN00
[2017:11:04-21:11:33] [INFO] processing scene: LC81950452016325LGN00
[2017:11:04-21:11:39] [INFO] scene LC80380152016089LGN00 downloaded, added to processing queue
[2017:11:04-21:14:59] [INFO] scene LC81950452016325LGN00 processing failed
[2017:11:04-21:15:04] [INFO] downloading scene: LC80500022014151LGN00
[2017:11:04-21:15:04] [INFO] processing scene: LC81040722015325LGN00
[2017:11:04-21:15:11] [INFO] scene LC80500022014151LGN00 downloaded, added to processing queue
[2017:11:04-21:18:28] [INFO] scene LC81040722015325LGN00 processing failed
[2017:11:04-21:18:31] [INFO] downloading scene: LC80180482016333LGN00
[2017:11:04-21:18:33] [INFO] processing scene: LC81330342014301LGN00
[2017:11:04-21:18:37] [INFO] scene LC80180482016333LGN00 downloaded, added to processing queue
[2017:11:04-21:22:15] [INFO] scene LC81330342014301LGN00 processing failed
[2017:11:04-21:22:17] [INFO] downloading scene: LC82280612013275LGN00
[2017:11:04-21:22:20] [INFO] processing scene: LC81160212015041LGN00
[2017:11:04-21:22:23] [INFO] scene LC82280612013275LGN00 downloaded, added to processing queue
[2017:11:04-21:25:34] [INFO] scene LC81160212015041LGN00 processing failed
[2017:11:04-21:25:39] [INFO] downloading scene: LC80861082016281LGN00
[2017:11:04-21:25:39] [INFO] processing scene: LC80070562013199LGN00
[2017:11:04-21:25:45] [INFO] scene LC80861082016281LGN00 downloaded, added to processing queue
[2017:11:04-21:29:22] [INFO] scene LC80070562013199LGN00 processing failed
[2017:11:04-21:29:25] [INFO] downloading scene: LC80010742015291LGN00
[2017:11:04-21:29:27] [INFO] processing scene: LC80370112013297LGN00
[2017:11:04-21:29:31] [INFO] scene LC80010742015291LGN00 downloaded, added to processing queue
