[2017:11:05-00:25:19] [INFO] adding available scenes to queue
[2017:11:05-00:25:24] [INFO] queue updated with all available scenes
[2017:11:05-00:25:24] [INFO] scheduler started
[2017:11:05-00:25:25] [INFO] downloading scene: LC80080682014289LGN00
[2017:11:05-00:25:33] [INFO] scene LC80080682014289LGN00 downloaded, added to processing queue
[2017:11:05-00:25:35] [INFO] processing scene: LC80080682014289LGN00
[2017:11:05-00:25:38] [INFO] downloading scene: LC81411182015024LGN00
[2017:11:05-00:25:44] [INFO] scene LC81411182015024LGN00 downloaded, added to processing queue
[2017:11:05-00:25:49] [INFO] downloading scene: LC80330142013269LGN00
[2017:11:05-00:25:57] [INFO] scene LC80330142013269LGN00 downloaded, added to processing queue
[2017:11:05-00:26:02] [INFO] downloading scene: LC80370022013121LGN01
[2017:11:05-00:26:07] [INFO] scene LC80370022013121LGN01 downloaded, added to processing queue
[2017:11:05-00:26:12] [INFO] downloading scene: LC80430762015313LGN00
[2017:11:05-00:26:19] [INFO] scene LC80430762015313LGN00 downloaded, added to processing queue
[2017:11:05-00:26:24] [INFO] downloading scene: LC81610362015180LGN00
[2017:11:05-00:26:32] [INFO] scene LC81610362015180LGN00 downloaded, added to processing queue
[2017:11:05-00:26:37] [INFO] downloading scene: LC81370402016335LGN00
[2017:11:05-00:26:44] [INFO] scene LC81370402016335LGN00 downloaded, added to processing queue
[2017:11:05-00:26:49] [INFO] downloading scene: LC81690772015028LGN00
[2017:11:05-00:26:57] [INFO] scene LC81690772015028LGN00 downloaded, added to processing queue
[2017:11:05-00:27:02] [INFO] downloading scene: LC81090252014069LGN00
[2017:11:05-00:27:09] [INFO] scene LC81090252014069LGN00 downloaded, added to processing queue
[2017:11:05-00:27:14] [INFO] downloading scene: LC80190452015145LGN00
[2017:11:05-00:27:21] [INFO] scene LC80190452015145LGN00 downloaded, added to processing queue
[2017:11:05-00:30:28] [INFO] scene LC80080682014289LGN00 processed
[2017:11:05-00:30:31] [INFO] downloading scene: LC80151132017042LGN00
[2017:11:05-00:30:33] [INFO] processing scene: LC81411182015024LGN00
[2017:11:05-00:30:38] [INFO] scene LC80151132017042LGN00 downloaded, added to processing queue
[2017:11:05-00:35:14] [INFO] scene LC81411182015024LGN00 processed
[2017:11:05-00:35:19] [INFO] downloading scene: LC80440332016323LGN00
[2017:11:05-00:35:19] [INFO] processing scene: LC80330142013269LGN00
[2017:11:05-00:35:26] [INFO] scene LC80440332016323LGN00 downloaded, added to processing queue
[2017:11:05-00:40:20] [INFO] scene LC80330142013269LGN00 processed
[2017:11:05-00:40:22] [INFO] downloading scene: LC81550252015154LGN00
[2017:11:05-00:40:25] [INFO] processing scene: LC80370022013121LGN01
[2017:11:05-00:40:29] [INFO] scene LC81550252015154LGN00 downloaded, added to processing queue
[2017:11:05-00:44:23] [INFO] scene LC80370022013121LGN01 processed
[2017:11:05-00:44:25] [INFO] downloading scene: LC81490302017021LGN00
[2017:11:05-00:44:28] [INFO] processing scene: LC80430762015313LGN00
[2017:11:05-00:44:33] [INFO] scene LC81490302017021LGN00 downloaded, added to processing queue
[2017:11:05-00:48:50] [INFO] scene LC80430762015313LGN00 processed
[2017:11:05-00:48:53] [INFO] downloading scene: LC81180442013241LGN00
[2017:11:05-00:48:55] [INFO] processing scene: LC81610362015180LGN00
[2017:11:05-00:48:59] [INFO] scene LC81180442013241LGN00 downloaded, added to processing queue
[2017:11:05-00:53:14] [INFO] scene LC81610362015180LGN00 processed
[2017:11:05-00:53:14] [INFO] downloading scene: LC81340302014308LGN00
[2017:11:05-00:53:19] [INFO] processing scene: LC81370402016335LGN00
[2017:11:05-00:53:20] [INFO] scene LC81340302014308LGN00 downloaded, added to processing queue
[2017:11:05-00:58:01] [INFO] scene LC81370402016335LGN00 processed
[2017:11:05-00:58:06] [INFO] downloading scene: LC82250732016103LGN00
[2017:11:05-00:58:06] [INFO] processing scene: LC81690772015028LGN00
[2017:11:05-00:58:12] [INFO] scene LC82250732016103LGN00 downloaded, added to processing queue
[2017:11:05-01:02:54] [INFO] scene LC81690772015028LGN00 processed
[2017:11:05-01:02:57] [INFO] downloading scene: LC81390242014039LGN00
[2017:11:05-01:02:59] [INFO] processing scene: LC81090252014069LGN00
[2017:11:05-01:03:05] [INFO] scene LC81390242014039LGN00 downloaded, added to processing queue
[2017:11:05-01:07:31] [INFO] scene LC81090252014069LGN00 processed
[2017:11:05-01:07:36] [INFO] downloading scene: LC81360342013111LGN01
[2017:11:05-01:07:36] [INFO] processing scene: LC80190452015145LGN00
[2017:11:05-01:07:42] [INFO] scene LC81360342013111LGN01 downloaded, added to processing queue
[2017:11:05-01:11:49] [INFO] scene LC80190452015145LGN00 processed
[2017:11:05-01:11:52] [INFO] downloading scene: LC81440212014154LGN00
[2017:11:05-01:11:54] [INFO] processing scene: LC80151132017042LGN00
[2017:11:05-01:11:59] [INFO] scene LC81440212014154LGN00 downloaded, added to processing queue
[2017:11:05-01:15:45] [INFO] scene LC80151132017042LGN00 processed
[2017:11:05-01:15:50] [INFO] downloading scene: LC81650662015112LGN00
[2017:11:05-01:15:50] [INFO] processing scene: LC80440332016323LGN00
[2017:11:05-01:15:58] [INFO] scene LC81650662015112LGN00 downloaded, added to processing queue
[2017:11:05-01:20:21] [INFO] scene LC80440332016323LGN00 processed
[2017:11:05-01:20:24] [INFO] downloading scene: LC80400202014225LGN00
[2017:11:05-01:20:26] [INFO] processing scene: LC81550252015154LGN00
[2017:11:05-01:20:29] [INFO] scene LC80400202014225LGN00 downloaded, added to processing queue
[2017:11:05-01:24:54] [INFO] scene LC81550252015154LGN00 processed
[2017:11:05-01:24:59] [INFO] downloading scene: LC80440262016131LGN00
[2017:11:05-01:24:59] [INFO] processing scene: LC81490302017021LGN00
[2017:11:05-01:25:05] [INFO] scene LC80440262016131LGN00 downloaded, added to processing queue
[2017:11:05-01:29:27] [INFO] scene LC81490302017021LGN00 processed
[2017:11:05-01:29:31] [INFO] downloading scene: LC81200552015277LGN00
[2017:11:05-01:29:32] [INFO] processing scene: LC81180442013241LGN00
[2017:11:05-01:29:37] [INFO] scene LC81200552015277LGN00 downloaded, added to processing queue
[2017:11:05-01:33:34] [INFO] scene LC81180442013241LGN00 processed
[2017:11:05-01:33:37] [INFO] downloading scene: LC81490362015096LGN00
[2017:11:05-01:33:39] [INFO] processing scene: LC81340302014308LGN00
[2017:11:05-01:33:46] [INFO] scene LC81490362015096LGN00 downloaded, added to processing queue
[2017:11:05-01:37:53] [INFO] scene LC81340302014308LGN00 processed
[2017:11:05-01:37:56] [INFO] downloading scene: LC80280412015352LGN00
[2017:11:05-01:37:58] [INFO] processing scene: LC82250732016103LGN00
[2017:11:05-01:38:02] [INFO] scene LC80280412015352LGN00 downloaded, added to processing queue
[2017:11:05-01:42:22] [INFO] scene LC82250732016103LGN00 processed
[2017:11:05-01:42:23] [INFO] downloading scene: LC81450252015260LGN00
[2017:11:05-01:42:27] [INFO] processing scene: LC81390242014039LGN00
[2017:11:05-01:42:30] [INFO] scene LC81450252015260LGN00 downloaded, added to processing queue
[2017:11:05-01:47:01] [INFO] scene LC81390242014039LGN00 processed
[2017:11:05-01:47:05] [INFO] downloading scene: LC80940742015207LGN00
[2017:11:05-01:47:06] [INFO] processing scene: LC81360342013111LGN01
[2017:11:05-01:47:11] [INFO] scene LC80940742015207LGN00 downloaded, added to processing queue
[2017:11:05-01:52:34] [INFO] scene LC81360342013111LGN01 processed
[2017:11:05-01:52:38] [INFO] downloading scene: LC80180062016093LGN00
[2017:11:05-01:52:39] [INFO] processing scene: LC81440212014154LGN00
[2017:11:05-01:52:44] [INFO] scene LC80180062016093LGN00 downloaded, added to processing queue
[2017:11:05-01:57:36] [INFO] scene LC81440212014154LGN00 processed
[2017:11:05-01:57:39] [INFO] downloading scene: LC81830422015142LGN00
[2017:11:05-01:57:41] [INFO] processing scene: LC81650662015112LGN00
[2017:11:05-01:57:46] [INFO] scene LC81830422015142LGN00 downloaded, added to processing queue
[2017:11:05-02:01:56] [INFO] scene LC81650662015112LGN00 processed
[2017:11:05-02:02:01] [INFO] downloading scene: LC80440302014061LGN00
[2017:11:05-02:02:01] [INFO] processing scene: LC80400202014225LGN00
[2017:11:05-02:02:07] [INFO] scene LC80440302014061LGN00 downloaded, added to processing queue
[2017:11:05-02:06:15] [INFO] scene LC80400202014225LGN00 processed
[2017:11:05-02:06:17] [INFO] downloading scene: LC80260452016085LGN00
[2017:11:05-02:06:20] [INFO] processing scene: LC80440262016131LGN00
[2017:11:05-02:06:23] [INFO] scene LC80260452016085LGN00 downloaded, added to processing queue
[2017:11:05-02:11:02] [INFO] scene LC80440262016131LGN00 processed
[2017:11:05-02:11:04] [INFO] downloading scene: LC81841692015165LGN00
[2017:11:05-02:11:07] [INFO] processing scene: LC81200552015277LGN00
[2017:11:05-02:11:08] [INFO] scene LC81841692015165LGN00 downloaded, added to processing queue
[2017:11:05-02:15:01] [INFO] scene LC81200552015277LGN00 processed
[2017:11:05-02:15:03] [INFO] downloading scene: LC81130382014241LGN00
[2017:11:05-02:15:06] [INFO] processing scene: LC81490362015096LGN00
[2017:11:05-02:15:10] [INFO] scene LC81130382014241LGN00 downloaded, added to processing queue
[2017:11:05-02:20:07] [INFO] scene LC81490362015096LGN00 processed
[2017:11:05-02:20:12] [INFO] downloading scene: LC82151072015286LGN00
[2017:11:05-02:20:12] [INFO] processing scene: LC80280412015352LGN00
[2017:11:05-02:20:19] [INFO] scene LC82151072015286LGN00 downloaded, added to processing queue
[2017:11:05-02:24:26] [INFO] scene LC80280412015352LGN00 processed
[2017:11:05-02:24:29] [INFO] downloading scene: LC80900902016213LGN00
[2017:11:05-02:24:31] [INFO] processing scene: LC81450252015260LGN00
[2017:11:05-02:24:35] [INFO] scene LC80900902016213LGN00 downloaded, added to processing queue
[2017:11:05-02:29:01] [INFO] scene LC81450252015260LGN00 processed
[2017:11:05-02:29:05] [INFO] downloading scene: LC80760662015160LGN00
[2017:11:05-02:29:06] [INFO] processing scene: LC80940742015207LGN00
[2017:11:05-02:29:11] [INFO] scene LC80760662015160LGN00 downloaded, added to processing queue
[2017:11:05-02:33:58] [INFO] scene LC80940742015207LGN00 processed
[2017:11:05-02:34:01] [INFO] downloading scene: LC82280612016300LGN00
[2017:11:05-02:34:03] [INFO] processing scene: LC80180062016093LGN00
[2017:11:05-02:34:09] [INFO] scene LC82280612016300LGN00 downloaded, added to processing queue
[2017:11:05-02:39:11] [INFO] scene LC80180062016093LGN00 processed
[2017:11:05-02:39:15] [INFO] downloading scene: LC81700532014208LGN00
[2017:11:05-02:39:16] [INFO] processing scene: LC81830422015142LGN00
[2017:11:05-02:39:22] [INFO] scene LC81700532014208LGN00 downloaded, added to processing queue
[2017:11:05-02:43:32] [INFO] scene LC81830422015142LGN00 processed
[2017:11:05-02:43:32] [INFO] downloading scene: LC81740162013201LGN00
[2017:11:05-02:43:37] [INFO] processing scene: LC80440302014061LGN00
[2017:11:05-02:43:40] [INFO] scene LC81740162013201LGN00 downloaded, added to processing queue
[2017:11:05-02:47:50] [INFO] scene LC80440302014061LGN00 processed
[2017:11:05-02:47:55] [INFO] downloading scene: LC81880322015065LGN00
[2017:11:05-02:47:55] [INFO] processing scene: LC80260452016085LGN00
[2017:11:05-02:48:02] [INFO] scene LC81880322015065LGN00 downloaded, added to processing queue
[2017:11:05-02:52:17] [INFO] scene LC80260452016085LGN00 processed
[2017:11:05-02:52:22] [INFO] downloading scene: LC81170512016019LGN00
[2017:11:05-02:52:22] [INFO] processing scene: LC81841692015165LGN00
[2017:11:05-02:52:29] [INFO] scene LC81170512016019LGN00 downloaded, added to processing queue
[2017:11:05-02:55:46] [INFO] scene LC81841692015165LGN00 processed
[2017:11:05-02:55:49] [INFO] downloading scene: LC81650472015160LGN00
[2017:11:05-02:55:51] [INFO] processing scene: LC81130382014241LGN00
[2017:11:05-02:55:55] [INFO] scene LC81650472015160LGN00 downloaded, added to processing queue
[2017:11:05-03:00:11] [INFO] scene LC81130382014241LGN00 processed
[2017:11:05-03:00:15] [INFO] downloading scene: LC81800462017030LGN00
[2017:11:05-03:00:16] [INFO] processing scene: LC82151072015286LGN00
[2017:11:05-03:00:21] [INFO] scene LC81800462017030LGN00 downloaded, added to processing queue
[2017:11:05-03:05:13] [INFO] scene LC82151072015286LGN00 processed
[2017:11:05-03:05:17] [INFO] downloading scene: LC80370372014108LGN00
[2017:11:05-03:05:18] [INFO] processing scene: LC80900902016213LGN00
[2017:11:05-03:05:23] [INFO] scene LC80370372014108LGN00 downloaded, added to processing queue
[2017:11:05-03:09:19] [INFO] scene LC80900902016213LGN00 processed
[2017:11:05-03:09:19] [INFO] downloading scene: LC82250752015148LGN00
[2017:11:05-03:09:24] [INFO] processing scene: LC80760662015160LGN00
[2017:11:05-03:09:27] [INFO] scene LC82250752015148LGN00 downloaded, added to processing queue
[2017:11:05-03:13:39] [INFO] scene LC80760662015160LGN00 processed
[2017:11:05-03:13:44] [INFO] downloading scene: LC82300702013321LGN00
[2017:11:05-03:13:44] [INFO] processing scene: LC82280612016300LGN00
[2017:11:05-03:13:51] [INFO] scene LC82300702013321LGN00 downloaded, added to processing queue
[2017:11:05-03:18:10] [INFO] scene LC82280612016300LGN00 processed
[2017:11:05-03:18:11] [INFO] downloading scene: LC81750312013336LGN00
[2017:11:05-03:18:15] [INFO] processing scene: LC81700532014208LGN00
[2017:11:05-03:18:20] [INFO] scene LC81750312013336LGN00 downloaded, added to processing queue
[2017:11:05-03:23:03] [INFO] scene LC81700532014208LGN00 processed
[2017:11:05-03:23:06] [INFO] downloading scene: LC81680592014050LGN00
[2017:11:05-03:23:08] [INFO] processing scene: LC81740162013201LGN00
[2017:11:05-03:23:14] [INFO] scene LC81680592014050LGN00 downloaded, added to processing queue
[2017:11:05-03:27:54] [INFO] scene LC81740162013201LGN00 processed
[2017:11:05-03:27:59] [INFO] downloading scene: LC82192072015282LGN00
[2017:11:05-03:27:59] [INFO] processing scene: LC81880322015065LGN00
[2017:11:05-03:28:03] [INFO] scene LC82192072015282LGN00 downloaded, added to processing queue
[2017:11:05-03:32:21] [INFO] scene LC81880322015065LGN00 processed
[2017:11:05-03:32:23] [INFO] downloading scene: LC82321152013335LGN00
[2017:11:05-03:32:26] [INFO] processing scene: LC81170512016019LGN00
[2017:11:05-03:32:29] [INFO] scene LC82321152013335LGN00 downloaded, added to processing queue
[2017:11:05-03:36:11] [INFO] scene LC81170512016019LGN00 processed
[2017:11:05-03:36:14] [INFO] downloading scene: LC81650402017021LGN00
[2017:11:05-03:36:16] [INFO] processing scene: LC81650472015160LGN00
[2017:11:05-03:36:23] [INFO] scene LC81650402017021LGN00 downloaded, added to processing queue
[2017:11:05-03:40:24] [INFO] scene LC81650472015160LGN00 processed
[2017:11:05-03:40:29] [INFO] downloading scene: LC80060582015150LGN00
[2017:11:05-03:40:29] [INFO] processing scene: LC81800462017030LGN00
[2017:11:05-03:40:35] [INFO] scene LC80060582015150LGN00 downloaded, added to processing queue
[2017:11:05-03:44:28] [INFO] scene LC81800462017030LGN00 processed
[2017:11:05-03:44:31] [INFO] downloading scene: LC82200142017086LGN00
[2017:11:05-03:44:33] [INFO] processing scene: LC80370372014108LGN00
[2017:11:05-03:44:37] [INFO] scene LC82200142017086LGN00 downloaded, added to processing queue
[2017:11:05-03:48:50] [INFO] scene LC80370372014108LGN00 processed
[2017:11:05-03:48:53] [INFO] downloading scene: LC82330662015236LGN00
[2017:11:05-03:48:55] [INFO] processing scene: LC82250752015148LGN00
[2017:11:05-03:48:59] [INFO] scene LC82330662015236LGN00 downloaded, added to processing queue
[2017:11:05-03:53:29] [INFO] scene LC82250752015148LGN00 processed
[2017:11:05-03:53:34] [INFO] downloading scene: LC81220322016038LGN00
[2017:11:05-03:53:34] [INFO] processing scene: LC82300702013321LGN00
[2017:11:05-03:53:40] [INFO] scene LC81220322016038LGN00 downloaded, added to processing queue
[2017:11:05-03:58:00] [INFO] scene LC82300702013321LGN00 processed
[2017:11:05-03:58:01] [INFO] downloading scene: LC80091122017016LGN00
[2017:11:05-03:58:05] [INFO] processing scene: LC81750312013336LGN00
[2017:11:05-03:58:07] [INFO] scene LC80091122017016LGN00 downloaded, added to processing queue
[2017:11:05-04:02:22] [INFO] scene LC81750312013336LGN00 processed
[2017:11:05-04:02:22] [INFO] downloading scene: LC81070672016301LGN00
[2017:11:05-04:02:27] [INFO] processing scene: LC81680592014050LGN00
[2017:11:05-04:02:28] [INFO] scene LC81070672016301LGN00 downloaded, added to processing queue
[2017:11:05-04:07:03] [INFO] scene LC81680592014050LGN00 processed
[2017:11:05-04:07:08] [INFO] downloading scene: LC80140012014203LGN00
[2017:11:05-04:07:08] [INFO] processing scene: LC82192072015282LGN00
[2017:11:05-04:07:14] [INFO] scene LC80140012014203LGN00 downloaded, added to processing queue
[2017:11:05-04:10:39] [INFO] scene LC82192072015282LGN00 processed
[2017:11:05-04:10:40] [INFO] downloading scene: LC80150452014146LGN00
[2017:11:05-04:10:44] [INFO] processing scene: LC82321152013335LGN00
[2017:11:05-04:10:47] [INFO] scene LC80150452014146LGN00 downloaded, added to processing queue
[2017:11:05-04:14:50] [INFO] scene LC82321152013335LGN00 processed
[2017:11:05-04:14:52] [INFO] downloading scene: LC80290212013241LGN00
[2017:11:05-04:14:55] [INFO] processing scene: LC81650402017021LGN00
[2017:11:05-04:15:00] [INFO] scene LC80290212013241LGN00 downloaded, added to processing queue
[2017:11:05-04:19:19] [INFO] scene LC81650402017021LGN00 processed
[2017:11:05-04:19:21] [INFO] downloading scene: LC81590282015070LGN00
[2017:11:05-04:19:24] [INFO] processing scene: LC80060582015150LGN00
[2017:11:05-04:19:27] [INFO] scene LC81590282015070LGN00 downloaded, added to processing queue
[2017:11:05-04:23:45] [INFO] scene LC80060582015150LGN00 processed
[2017:11:05-04:23:47] [INFO] downloading scene: LC80980222016126LGN00
[2017:11:05-04:23:50] [INFO] processing scene: LC82200142017086LGN00
[2017:11:05-04:23:54] [INFO] scene LC80980222016126LGN00 downloaded, added to processing queue
[2017:11:05-04:28:31] [INFO] scene LC82200142017086LGN00 processed
[2017:11:05-04:28:35] [INFO] downloading scene: LC81360862014226LGN00
[2017:11:05-04:28:36] [INFO] processing scene: LC82330662015236LGN00
[2017:11:05-04:28:41] [INFO] scene LC81360862014226LGN00 downloaded, added to processing queue
[2017:11:05-04:33:14] [INFO] scene LC82330662015236LGN00 processed
[2017:11:05-04:33:19] [INFO] downloading scene: LC81660192016298LGN00
[2017:11:05-04:33:19] [INFO] processing scene: LC81220322016038LGN00
[2017:11:05-04:33:29] [INFO] scene LC81660192016298LGN00 downloaded, added to processing queue
[2017:11:05-04:38:08] [INFO] scene LC81220322016038LGN00 processed
[2017:11:05-04:38:10] [INFO] downloading scene: LC81580292015143LGN00
[2017:11:05-04:38:13] [INFO] processing scene: LC80091122017016LGN00
[2017:11:05-04:38:17] [INFO] scene LC81580292015143LGN00 downloaded, added to processing queue
[2017:11:05-04:42:36] [INFO] scene LC80091122017016LGN00 processed
[2017:11:05-04:42:38] [INFO] downloading scene: LC80050572014300LGN00
[2017:11:05-04:42:41] [INFO] processing scene: LC81070672016301LGN00
[2017:11:05-04:42:44] [INFO] scene LC80050572014300LGN00 downloaded, added to processing queue
[2017:11:05-04:47:17] [INFO] scene LC81070672016301LGN00 processed
[2017:11:05-04:47:20] [INFO] downloading scene: LC80342482016237LGN00
[2017:11:05-04:47:22] [INFO] processing scene: LC80140012014203LGN00
[2017:11:05-04:47:27] [INFO] scene LC80342482016237LGN00 downloaded, added to processing queue
[2017:11:05-04:52:26] [INFO] scene LC80140012014203LGN00 processed
[2017:11:05-04:52:28] [INFO] downloading scene: LC81650292015320LGN00
[2017:11:05-04:52:31] [INFO] processing scene: LC80150452014146LGN00
[2017:11:05-04:52:35] [INFO] scene LC81650292015320LGN00 downloaded, added to processing queue
[2017:11:05-04:56:41] [INFO] scene LC80150452014146LGN00 processed
[2017:11:05-04:56:45] [INFO] downloading scene: LC81220322016230LGN00
[2017:11:05-04:56:46] [INFO] processing scene: LC80290212013241LGN00
[2017:11:05-04:56:52] [INFO] scene LC81220322016230LGN00 downloaded, added to processing queue
[2017:11:05-05:01:16] [INFO] scene LC80290212013241LGN00 processed
[2017:11:05-05:01:18] [INFO] downloading scene: LC82301192014052LGN00
[2017:11:05-05:01:21] [INFO] processing scene: LC81590282015070LGN00
[2017:11:05-05:01:23] [INFO] scene LC82301192014052LGN00 downloaded, added to processing queue
[2017:11:05-05:06:03] [INFO] scene LC81590282015070LGN00 processed
[2017:11:05-05:06:07] [INFO] downloading scene: LC81450172015292LGN00
[2017:11:05-05:06:08] [INFO] processing scene: LC80980222016126LGN00
[2017:11:05-05:06:13] [INFO] scene LC81450172015292LGN00 downloaded, added to processing queue
[2017:11:05-05:10:21] [INFO] scene LC80980222016126LGN00 processed
[2017:11:05-05:10:23] [INFO] downloading scene: LC81180242016250LGN00
[2017:11:05-05:10:26] [INFO] processing scene: LC81360862014226LGN00
[2017:11:05-05:10:30] [INFO] scene LC81180242016250LGN00 downloaded, added to processing queue
[2017:11:05-05:14:43] [INFO] scene LC81360862014226LGN00 processed
[2017:11:05-05:14:46] [INFO] downloading scene: LC80220472016361LGN00
[2017:11:05-05:14:48] [INFO] processing scene: LC81660192016298LGN00
[2017:11:05-05:14:51] [INFO] scene LC80220472016361LGN00 downloaded, added to processing queue
[2017:11:05-05:19:01] [INFO] scene LC81660192016298LGN00 processed
[2017:11:05-05:19:02] [INFO] downloading scene: LC81392162016301LGN00
[2017:11:05-05:19:06] [INFO] processing scene: LC81580292015143LGN00
[2017:11:05-05:19:06] [INFO] scene LC81392162016301LGN00 downloaded, added to processing queue
[2017:11:05-05:24:03] [INFO] scene LC81580292015143LGN00 processed
[2017:11:05-05:24:07] [INFO] downloading scene: LC80491832015179LGN00
[2017:11:05-05:24:08] [INFO] processing scene: LC80050572014300LGN00
[2017:11:05-05:24:11] [INFO] scene LC80491832015179LGN00 downloaded, added to processing queue
[2017:11:05-05:28:28] [INFO] scene LC80050572014300LGN00 processed
[2017:11:05-05:28:31] [INFO] downloading scene: LC82030302013180LGN00
[2017:11:05-05:28:33] [INFO] processing scene: LC80342482016237LGN00
[2017:11:05-05:28:39] [INFO] scene LC82030302013180LGN00 downloaded, added to processing queue
[2017:11:05-05:33:22] [INFO] scene LC80342482016237LGN00 processed
[2017:11:05-05:33:26] [INFO] downloading scene: LC81080312015081LGN00
[2017:11:05-05:33:27] [INFO] processing scene: LC81650292015320LGN00
[2017:11:05-05:33:32] [INFO] scene LC81080312015081LGN00 downloaded, added to processing queue
[2017:11:05-05:37:41] [INFO] scene LC81650292015320LGN00 processed
[2017:11:05-05:37:42] [INFO] downloading scene: LC81240602015209LGN00
[2017:11:05-05:37:46] [INFO] processing scene: LC81220322016230LGN00
[2017:11:05-05:37:48] [INFO] scene LC81240602015209LGN00 downloaded, added to processing queue
[2017:11:05-05:41:59] [INFO] scene LC81220322016230LGN00 processed
[2017:11:05-05:42:03] [INFO] downloading scene: LC80200042013242LGN00
[2017:11:05-05:42:04] [INFO] processing scene: LC82301192014052LGN00
[2017:11:05-05:42:08] [INFO] scene LC80200042013242LGN00 downloaded, added to processing queue
[2017:11:05-05:46:15] [INFO] scene LC82301192014052LGN00 processed
[2017:11:05-05:46:19] [INFO] downloading scene: LC80440222015064LGN00
[2017:11:05-05:46:20] [INFO] processing scene: LC81450172015292LGN00
[2017:11:05-05:46:25] [INFO] scene LC80440222015064LGN00 downloaded, added to processing queue
[2017:11:05-05:50:25] [INFO] scene LC81450172015292LGN00 processed
[2017:11:05-05:50:30] [INFO] downloading scene: LC82240632013295LGN00
[2017:11:05-05:50:30] [INFO] processing scene: LC81180242016250LGN00
[2017:11:05-05:50:38] [INFO] scene LC82240632013295LGN00 downloaded, added to processing queue
[2017:11:05-05:54:46] [INFO] scene LC81180242016250LGN00 processed
[2017:11:05-05:54:49] [INFO] downloading scene: LC80970112014097LGN00
[2017:11:05-05:54:51] [INFO] processing scene: LC80220472016361LGN00
[2017:11:05-05:54:56] [INFO] scene LC80970112014097LGN00 downloaded, added to processing queue
[2017:11:05-05:59:20] [INFO] scene LC80220472016361LGN00 processed
[2017:11:05-05:59:24] [INFO] downloading scene: LC81800562016300LGN00
[2017:11:05-05:59:25] [INFO] processing scene: LC81392162016301LGN00
[2017:11:05-05:59:31] [INFO] scene LC81800562016300LGN00 downloaded, added to processing queue
[2017:11:05-06:02:59] [INFO] scene LC81392162016301LGN00 processed
[2017:11:05-06:03:01] [INFO] downloading scene: LC80590092015185LGN00
[2017:11:05-06:03:04] [INFO] processing scene: LC80491832015179LGN00
[2017:11:05-06:03:07] [INFO] scene LC80590092015185LGN00 downloaded, added to processing queue
[2017:11:05-06:06:31] [INFO] scene LC80491832015179LGN00 processed
[2017:11:05-06:06:33] [INFO] downloading scene: LC80170512014032LGN00
[2017:11:05-06:06:36] [INFO] processing scene: LC82030302013180LGN00
[2017:11:05-06:06:41] [INFO] scene LC80170512014032LGN00 downloaded, added to processing queue
[2017:11:05-06:11:12] [INFO] scene LC82030302013180LGN00 processed
[2017:11:05-06:11:16] [INFO] downloading scene: LC81630192015050LGN00
[2017:11:05-06:11:17] [INFO] processing scene: LC81080312015081LGN00
[2017:11:05-06:11:24] [INFO] scene LC81630192015050LGN00 downloaded, added to processing queue
[2017:11:05-06:15:17] [INFO] scene LC81080312015081LGN00 processed
[2017:11:05-06:15:20] [INFO] downloading scene: LC81451152014273LGN00
[2017:11:05-06:15:22] [INFO] processing scene: LC81240602015209LGN00
[2017:11:05-06:15:24] [INFO] scene LC81451152014273LGN00 downloaded, added to processing queue
[2017:11:05-06:19:25] [INFO] scene LC81240602015209LGN00 processed
[2017:11:05-06:19:30] [INFO] downloading scene: LC81161092013355LGN00
[2017:11:05-06:19:30] [INFO] processing scene: LC80200042013242LGN00
[2017:11:05-06:19:37] [INFO] scene LC81161092013355LGN00 downloaded, added to processing queue
[2017:11:05-06:24:20] [INFO] scene LC80200042013242LGN00 processed
[2017:11:05-06:24:24] [INFO] downloading scene: LC80850532016194LGN00
[2017:11:05-06:24:25] [INFO] processing scene: LC80440222015064LGN00
[2017:11:05-06:24:32] [INFO] scene LC80850532016194LGN00 downloaded, added to processing queue
[2017:11:05-06:28:57] [INFO] scene LC80440222015064LGN00 processed
[2017:11:05-06:28:57] [INFO] downloading scene: LC80380032015230LGN00
[2017:11:05-06:29:02] [INFO] processing scene: LC82240632013295LGN00
[2017:11:05-06:29:05] [INFO] scene LC80380032015230LGN00 downloaded, added to processing queue
[2017:11:05-06:34:16] [INFO] scene LC82240632013295LGN00 processed
[2017:11:05-06:34:20] [INFO] downloading scene: LC81110842013112LGN01
[2017:11:05-06:34:21] [INFO] processing scene: LC80970112014097LGN00
[2017:11:05-06:34:27] [INFO] scene LC81110842013112LGN01 downloaded, added to processing queue
[2017:11:05-06:39:29] [INFO] scene LC80970112014097LGN00 processed
[2017:11:05-06:39:34] [INFO] downloading scene: LC80990672016229LGN00
[2017:11:05-06:39:34] [INFO] processing scene: LC81800562016300LGN00
[2017:11:05-06:39:43] [INFO] scene LC80990672016229LGN00 downloaded, added to processing queue
[2017:11:05-06:43:49] [INFO] scene LC81800562016300LGN00 processed
[2017:11:05-06:43:53] [INFO] downloading scene: LC81690212015284LGN00
[2017:11:05-06:43:54] [INFO] processing scene: LC80590092015185LGN00
[2017:11:05-06:44:00] [INFO] scene LC81690212015284LGN00 downloaded, added to processing queue
[2017:11:05-06:45:05] [INFO] shutdown detected and acknowledged by downloader
[2017:11:05-06:45:07] [INFO] shutting down scheduler...
[2017:11:05-06:45:07] [INFO] waiting for threads to complete tasks before beginning cleanup...
[2017:11:05-06:48:43] [INFO] scene LC80590092015185LGN00 processed
[2017:11:05-06:48:48] [INFO] shutdown detected and acknowledged by preprocessor
[2017:11:05-06:50:44] [WARNING] HDF5 resources closed
[2017:11:05-06:50:44] [WARNING] SQL resources closed
[2017:11:05-06:50:44] [WARNING] all resources have closed successfully
